[
    {
        "type": "LoadedResource",
        "verbosity": "INFO",
        "for": "/Users/jonathanmair/Dropbox/coding/python/2023_static_sites/.venv/lib/python3.11/site-packages/pelican/plugins/pandoc_reader/templates/pandoc-reader-default.html",
        "from": "/Users/jonathanmair/Dropbox/coding/python/2023_static_sites/.venv/lib/python3.11/site-packages/pelican/plugins/pandoc_reader/templates/pandoc-reader-default.html"
    },
    {
        "type": "RunningFilter",
        "verbosity": "INFO",
        "path": "citeproc"
    },
    {
        "type": "LoadedResource",
        "verbosity": "INFO",
        "for": "/Users/jonathanmair/Dropbox/System/latexresources/texmf/bibtex/bib/publications.csl",
        "from": "/Users/jonathanmair/Dropbox/System/latexresources/texmf/bibtex/bib/publications.csl"
    },
    {
        "type": "LoadedResource",
        "verbosity": "INFO",
        "for": "/Users/jonathanmair/Dropbox/coding/python/2023_static_sites/jm_website_2023/website_files/content/pages/publications.bib",
        "from": "/Users/jonathanmair/Dropbox/coding/python/2023_static_sites/jm_website_2023/website_files/content/pages/publications.bib"
    },
    {
        "type": "FilterCompleted",
        "verbosity": "INFO",
        "path": "citeproc",
        "milliseconds": "77"
    },
    {
        "type": "NoLangSpecified",
        "verbosity": "INFO"
    }
]